Flawfinder version 2.0.10, (C) 2001-2019 David A. Wheeler.
Number of rules (primarily dangerous function names) in C/C++ ruleset: 223
Examining apt-inst/dirstream.cc
Examining apt-inst/extract.cc
Examining apt-inst/filelist.cc

FINAL RESULTS:

apt-inst/extract.cc:175:  [4] (buffer) strcpy:
  Does not check for buffer overflows when copying to destination [MS-banned]
  (CWE-120). Consider using snprintf, strcpy_s, or strlcpy (warning: strncpy
  easily misused).

ANALYSIS SUMMARY:

Hits = 1
Lines analyzed = 1222 in approximately 0.07 seconds (18249 lines/second)
Physical Source Lines of Code (SLOC) = 751
Hits@level = [0]   4 [1]   3 [2]   1 [3]   0 [4]   1 [5]   0
Hits@level+ = [0+]   9 [1+]   5 [2+]   2 [3+]   1 [4+]   1 [5+]   0
Hits/KSLOC@level+ = [0+] 11.984 [1+] 6.65779 [2+] 2.66312 [3+] 1.33156 [4+] 1.33156 [5+]   0
Minimum risk level = 3
Not every hit is necessarily a security vulnerability.
There may be other security vulnerabilities; review your code!
See 'Secure Programming HOWTO'
(https://dwheeler.com/secure-programs) for more information.
